INFO: 2024-02-17 14:58:54,131 - Module: logger Function: <module> -> 
System started by user: ggg

INFO: 2024-02-17 14:58:54,135 - Module: module1 Function: print_lower_name -> Starting print_lower_name with name FILIPAO
INFO: 2024-02-17 14:58:54,135 - Module: module1 Function: print_lower_name -> Function generated the following result: filipao
INFO: 2024-02-17 14:58:54,135 - Module: module1 Function: print_upper_name -> Starting print_upper_name with name FILIPAO
INFO: 2024-02-17 14:58:54,135 - Module: module1 Function: print_upper_name -> Function generated the following result: FILIPAO
INFO: 2024-02-17 14:58:54,136 - Module: module1 Function: print_capitalized_name -> Starting print_capitalized_name with name FILIPAO
INFO: 2024-02-17 14:58:54,136 - Module: module1 Function: print_capitalized_name -> Function generated the following result: Filipao
INFO: 2024-02-17 14:58:54,136 - Module: module2 Function: sum_numbers -> Starting print_capitalized_name with name R$2.500 R$2.500
INFO: 2024-02-17 14:58:54,136 - Module: module2 Function: sum_numbers -> Converting variables x and y to float
INFO: 2024-02-17 14:58:54,136 - Module: module2 Function: sum_numbers -> Function generated the following result: 5000.0
INFO: 2024-02-17 14:58:54,136 - Module: module2 Function: sum_numbers -> Starting print_capitalized_name with name R$ 2.500 R$ 2.500
INFO: 2024-02-17 14:58:54,136 - Module: module2 Function: sum_numbers -> Converting variables x and y to float
INFO: 2024-02-17 14:58:54,136 - Module: module2 Function: sum_numbers -> Function generated the following result: 5000.0
INFO: 2024-02-17 14:58:54,136 - Module: module2 Function: sum_numbers -> Starting print_capitalized_name with name USD2.500 USD 2.500
INFO: 2024-02-17 14:58:54,136 - Module: module2 Function: sum_numbers -> Converting variables x and y to float
INFO: 2024-02-17 14:58:54,136 - Module: module2 Function: sum_numbers -> Function generated the following result: 5000.0
INFO: 2024-02-17 14:58:54,137 - Module: module2 Function: sum_numbers -> Starting print_capitalized_name with name 2.500 R$2500
INFO: 2024-02-17 14:58:54,137 - Module: module2 Function: sum_numbers -> Converting variables x and y to float
INFO: 2024-02-17 14:58:54,137 - Module: module2 Function: sum_numbers -> Function generated the following result: 5000.0
INFO: 2024-02-17 14:58:54,137 - Module: module2 Function: sum_numbers -> Starting print_capitalized_name with name 2500 2.500
INFO: 2024-02-17 14:58:54,137 - Module: module2 Function: sum_numbers -> Converting variables x and y to float
INFO: 2024-02-17 14:58:54,137 - Module: module2 Function: sum_numbers -> Function generated the following result: 5000.0
INFO: 2024-02-17 14:59:01,130 - Module: logger Function: <module> -> 
System started by user: ggg

INFO: 2024-02-18 18:04:04,340 - Module: logger Function: <module> -> 
System started by user: Admin

INFO: 2024-02-18 18:04:04,343 - Module: module1 Function: print_lower_name -> Starting print_lower_name with name Filipe Martins
INFO: 2024-02-18 18:04:04,343 - Module: module1 Function: print_lower_name -> Function generated the following result: filipe martins
INFO: 2024-02-18 18:04:04,344 - Module: module1 Function: print_upper_name -> Starting print_upper_name with name Filipe Martins
INFO: 2024-02-18 18:04:04,344 - Module: module1 Function: print_upper_name -> Function generated the following result: FILIPE MARTINS
INFO: 2024-02-18 18:04:04,344 - Module: module1 Function: print_capitalized_name -> Starting print_capitalized_name with name Filipe Martins
INFO: 2024-02-18 18:04:04,344 - Module: module1 Function: print_capitalized_name -> Function generated the following result: Filipe martins
INFO: 2024-02-18 18:04:04,344 - Module: module2 Function: sum_numbers -> Starting print_capitalized_name with name R$2.500 R$2.500
INFO: 2024-02-18 18:04:04,344 - Module: module2 Function: sum_numbers -> Converting variables x and y to float
INFO: 2024-02-18 18:04:04,344 - Module: module2 Function: sum_numbers -> Function generated the following result: 5000.0
INFO: 2024-02-18 18:04:04,344 - Module: module2 Function: sum_numbers -> Starting print_capitalized_name with name R$ 2.500 R$ 2.500
INFO: 2024-02-18 18:04:04,344 - Module: module2 Function: sum_numbers -> Converting variables x and y to float
INFO: 2024-02-18 18:04:04,344 - Module: module2 Function: sum_numbers -> Function generated the following result: 5000.0
INFO: 2024-02-18 18:04:04,344 - Module: module2 Function: sum_numbers -> Starting print_capitalized_name with name USD2.500 USD 2.500
INFO: 2024-02-18 18:04:04,345 - Module: module2 Function: sum_numbers -> Converting variables x and y to float
INFO: 2024-02-18 18:04:04,345 - Module: module2 Function: sum_numbers -> Function generated the following result: 5000.0
INFO: 2024-02-18 18:04:04,345 - Module: module2 Function: sum_numbers -> Starting print_capitalized_name with name 2.500 R$2500
INFO: 2024-02-18 18:04:04,345 - Module: module2 Function: sum_numbers -> Converting variables x and y to float
INFO: 2024-02-18 18:04:04,345 - Module: module2 Function: sum_numbers -> Function generated the following result: 5000.0
INFO: 2024-02-18 18:04:04,345 - Module: module2 Function: sum_numbers -> Starting print_capitalized_name with name 2500 2.500
INFO: 2024-02-18 18:04:04,345 - Module: module2 Function: sum_numbers -> Converting variables x and y to float
INFO: 2024-02-18 18:04:04,345 - Module: module2 Function: sum_numbers -> Function generated the following result: 5000.0
INFO: 2024-02-18 18:04:11,250 - Module: logger Function: <module> -> 
System started by user: Admin

INFO: 2024-02-18 18:04:35,975 - Module: logger Function: <module> -> 
System started by user: Admin

INFO: 2024-02-18 18:04:35,975 - Module: module1 Function: print_lower_name -> Starting print_lower_name with name Filipe Martins
INFO: 2024-02-18 18:04:35,976 - Module: module1 Function: print_lower_name -> Function generated the following result: filipe martins
INFO: 2024-02-18 18:04:54,642 - Module: logger Function: <module> -> 
System started by user: Admin

INFO: 2024-02-18 18:04:54,642 - Module: module1 Function: print_lower_name -> Starting print_lower_name with name Filipe Martins
INFO: 2024-02-18 18:04:54,642 - Module: module1 Function: print_lower_name -> Function generated the following result: filipe martins
INFO: 2024-02-18 18:04:54,642 - Module: module1 Function: print_upper_name -> Starting print_upper_name with name Filipe Martins
INFO: 2024-02-18 18:04:54,642 - Module: module1 Function: print_upper_name -> Function generated the following result: FILIPE MARTINS
INFO: 2024-02-18 18:04:54,642 - Module: module1 Function: print_capitalized_name -> Starting print_capitalized_name with name Filipe Martins
INFO: 2024-02-18 18:04:54,642 - Module: module1 Function: print_capitalized_name -> Function generated the following result: Filipe martins
INFO: 2024-02-18 18:05:02,410 - Module: logger Function: <module> -> 
System started by user: Admin

INFO: 2024-02-18 18:05:02,410 - Module: module2 Function: sum_numbers -> Starting print_capitalized_name with name R$1.500 R$1.500
INFO: 2024-02-18 18:05:02,410 - Module: module2 Function: sum_numbers -> Converting variables x and y to float
INFO: 2024-02-18 18:05:02,410 - Module: module2 Function: sum_numbers -> Function generated the following result: 3000.0
INFO: 2024-02-18 18:05:02,410 - Module: module2 Function: sum_numbers -> Starting print_capitalized_name with name R$ 1.500 R$ 1.500
INFO: 2024-02-18 18:05:02,410 - Module: module2 Function: sum_numbers -> Converting variables x and y to float
INFO: 2024-02-18 18:05:02,410 - Module: module2 Function: sum_numbers -> Function generated the following result: 3000.0
INFO: 2024-02-18 18:05:02,411 - Module: module2 Function: sum_numbers -> Starting print_capitalized_name with name USD1.500 USD 1.500
INFO: 2024-02-18 18:05:02,411 - Module: module2 Function: sum_numbers -> Converting variables x and y to float
INFO: 2024-02-18 18:05:02,411 - Module: module2 Function: sum_numbers -> Function generated the following result: 3000.0
INFO: 2024-02-18 18:05:02,411 - Module: module2 Function: sum_numbers -> Starting print_capitalized_name with name 1.500 R$1500
INFO: 2024-02-18 18:05:02,411 - Module: module2 Function: sum_numbers -> Converting variables x and y to float
INFO: 2024-02-18 18:05:02,411 - Module: module2 Function: sum_numbers -> Function generated the following result: 3000.0
INFO: 2024-02-18 18:05:02,411 - Module: module2 Function: sum_numbers -> Starting print_capitalized_name with name 1500 1500
INFO: 2024-02-18 18:05:02,411 - Module: module2 Function: sum_numbers -> Converting variables x and y to float
INFO: 2024-02-18 18:05:02,411 - Module: module2 Function: sum_numbers -> Function generated the following result: 3000.0
INFO: 2024-02-18 18:05:08,681 - Module: logger Function: <module> -> 
System started by user: Admin

INFO: 2024-02-18 18:05:08,683 - Module: module1 Function: print_lower_name -> Starting print_lower_name with name Filipe Martins
INFO: 2024-02-18 18:05:08,683 - Module: module1 Function: print_lower_name -> Function generated the following result: filipe martins
INFO: 2024-02-18 18:05:08,683 - Module: module1 Function: print_upper_name -> Starting print_upper_name with name Filipe Martins
INFO: 2024-02-18 18:05:08,684 - Module: module1 Function: print_upper_name -> Function generated the following result: FILIPE MARTINS
INFO: 2024-02-18 18:05:08,684 - Module: module1 Function: print_capitalized_name -> Starting print_capitalized_name with name Filipe Martins
INFO: 2024-02-18 18:05:08,684 - Module: module1 Function: print_capitalized_name -> Function generated the following result: Filipe martins
INFO: 2024-02-18 18:05:08,684 - Module: module2 Function: sum_numbers -> Starting print_capitalized_name with name R$2.500 R$2.500
INFO: 2024-02-18 18:05:08,684 - Module: module2 Function: sum_numbers -> Converting variables x and y to float
INFO: 2024-02-18 18:05:08,684 - Module: module2 Function: sum_numbers -> Function generated the following result: 5000.0
INFO: 2024-02-18 18:05:08,684 - Module: module2 Function: sum_numbers -> Starting print_capitalized_name with name R$ 2.500 R$ 2.500
INFO: 2024-02-18 18:05:08,684 - Module: module2 Function: sum_numbers -> Converting variables x and y to float
INFO: 2024-02-18 18:05:08,684 - Module: module2 Function: sum_numbers -> Function generated the following result: 5000.0
INFO: 2024-02-18 18:05:08,684 - Module: module2 Function: sum_numbers -> Starting print_capitalized_name with name USD2.500 USD 2.500
INFO: 2024-02-18 18:05:08,684 - Module: module2 Function: sum_numbers -> Converting variables x and y to float
INFO: 2024-02-18 18:05:08,684 - Module: module2 Function: sum_numbers -> Function generated the following result: 5000.0
INFO: 2024-02-18 18:05:08,684 - Module: module2 Function: sum_numbers -> Starting print_capitalized_name with name 2.500 R$2500
INFO: 2024-02-18 18:05:08,685 - Module: module2 Function: sum_numbers -> Converting variables x and y to float
INFO: 2024-02-18 18:05:08,685 - Module: module2 Function: sum_numbers -> Function generated the following result: 5000.0
INFO: 2024-02-18 18:05:08,685 - Module: module2 Function: sum_numbers -> Starting print_capitalized_name with name 2500 2.500
INFO: 2024-02-18 18:05:08,685 - Module: module2 Function: sum_numbers -> Converting variables x and y to float
INFO: 2024-02-18 18:05:08,685 - Module: module2 Function: sum_numbers -> Function generated the following result: 5000.0
INFO: 2024-02-18 18:06:42,565 - Module: logger Function: <module> -> 
System started by user: Admin

INFO: 2024-02-18 18:07:01,489 - Module: logger Function: <module> -> 
System started by user: Admin

INFO: 2024-02-18 18:07:13,203 - Module: logger Function: <module> -> 
System started by user: Admin

